Determining if the pthread_create exist failed with the following output:
Change Dir: /home/li/kinova_ws/build/CMakeFiles/CMakeTmp

Run Build Command:/usr/bin/make "cmTryCompileExec559449587/fast"
/usr/bin/make -f CMakeFiles/cmTryCompileExec559449587.dir/build.make CMakeFiles/cmTryCompileExec559449587.dir/build
make[1]: 正在进入目录 `/home/li/kinova_ws/build/CMakeFiles/CMakeTmp'
/usr/bin/cmake -E cmake_progress_report /home/li/kinova_ws/build/CMakeFiles/CMakeTmp/CMakeFiles 1
Building C object CMakeFiles/cmTryCompileExec559449587.dir/CheckSymbolExists.c.o
/usr/bin/cc    -o CMakeFiles/cmTryCompileExec559449587.dir/CheckSymbolExists.c.o   -c /home/li/kinova_ws/build/CMakeFiles/CMakeTmp/CheckSymbolExists.c
Linking C executable cmTryCompileExec559449587
/usr/bin/cmake -E cmake_link_script CMakeFiles/cmTryCompileExec559449587.dir/link.txt --verbose=1
/usr/bin/cc       CMakeFiles/cmTryCompileExec559449587.dir/CheckSymbolExists.c.o  -o cmTryCompileExec559449587 -rdynamic 
CMakeFiles/cmTryCompileExec559449587.dir/CheckSymbolExists.c.o：在函数‘main’中：
CheckSymbolExists.c:(.text+0x16)：对‘pthread_create’未定义的引用
collect2: error: ld returned 1 exit status
make[1]: *** [cmTryCompileExec559449587] 错误 1
make[1]:正在离开目录 `/home/li/kinova_ws/build/CMakeFiles/CMakeTmp'
make: *** [cmTryCompileExec559449587/fast] 错误 2

File /home/li/kinova_ws/build/CMakeFiles/CMakeTmp/CheckSymbolExists.c:
/* */
#include <pthread.h>

int main(int argc, char** argv)
{
  (void)argv;
#ifndef pthread_create
  return ((int*)(&pthread_create))[argc];
#else
  (void)argc;
  return 0;
#endif
}

Determining if the function pthread_create exists in the pthreads failed with the following output:
Change Dir: /home/li/kinova_ws/build/CMakeFiles/CMakeTmp

Run Build Command:/usr/bin/make "cmTryCompileExec757526002/fast"
/usr/bin/make -f CMakeFiles/cmTryCompileExec757526002.dir/build.make CMakeFiles/cmTryCompileExec757526002.dir/build
make[1]: 正在进入目录 `/home/li/kinova_ws/build/CMakeFiles/CMakeTmp'
/usr/bin/cmake -E cmake_progress_report /home/li/kinova_ws/build/CMakeFiles/CMakeTmp/CMakeFiles 1
Building C object CMakeFiles/cmTryCompileExec757526002.dir/CheckFunctionExists.c.o
/usr/bin/cc   -DCHECK_FUNCTION_EXISTS=pthread_create   -o CMakeFiles/cmTryCompileExec757526002.dir/CheckFunctionExists.c.o   -c /usr/share/cmake-2.8/Modules/CheckFunctionExists.c
Linking C executable cmTryCompileExec757526002
/usr/bin/cmake -E cmake_link_script CMakeFiles/cmTryCompileExec757526002.dir/link.txt --verbose=1
/usr/bin/cc   -DCHECK_FUNCTION_EXISTS=pthread_create    CMakeFiles/cmTryCompileExec757526002.dir/CheckFunctionExists.c.o  -o cmTryCompileExec757526002 -rdynamic -lpthreads 
/usr/bin/ld: 找不到 -lpthreads
collect2: error: ld returned 1 exit status
make[1]: make[1]:正在离开目录 `/home/li/kinova_ws/build/CMakeFiles/CMakeTmp'
*** [cmTryCompileExec757526002] 错误 1
make: *** [cmTryCompileExec757526002/fast] 错误 2


